2023-07-11 10:23:45,286 [Worker-5: Loading available Gradle versions] INFO  o.e.b.c.i.u.g.PublishedGradleVersions - Gradle version information cache is up-to-date. Trying to read.
2023-07-11 12:12:00,700 [Worker-103: Creating project "Employee"] INFO  o.e.m.c.i.l.LifecycleMappingFactory - Using org.eclipse.m2e.jdt.JarLifecycleMapping lifecycle mapping for MavenProject: com:Employee:0.0.1-SNAPSHOT @ C:\Users\Gunvardhan.Meliyan\Desktop\IGTExam\Employee\pom.xml.
2023-07-11 12:12:00,999 [Worker-103: Creating project "Employee"] INFO  o.e.m.j.i.AbstractJavaProjectConfigurator - Adding source folder /Employee/src/main/java
2023-07-11 12:12:01,002 [Worker-103: Creating project "Employee"] INFO  o.e.m.j.i.AbstractJavaProjectConfigurator - Adding resource folder /Employee/src/main/resources
2023-07-11 12:12:01,003 [Worker-103: Creating project "Employee"] INFO  o.e.m.j.i.AbstractJavaProjectConfigurator - Adding source folder /Employee/src/test/java
2023-07-11 12:12:01,004 [Worker-103: Creating project "Employee"] INFO  o.e.m.j.i.AbstractJavaProjectConfigurator - Adding resource folder /Employee/src/test/resources
2023-07-11 12:12:01,352 [Worker-95: Building] WARN  o.e.m.c.i.embedder.EclipseLogger - Using platform encoding (Cp1252 actually) to copy filtered resources, i.e. build is platform dependent!
2023-07-11 12:12:01,356 [Worker-95: Building] INFO  o.e.m.c.i.embedder.EclipseLogger - Copying 0 resource
2023-07-11 12:12:01,358 [Worker-95: Building] WARN  o.e.m.c.i.embedder.EclipseLogger - Using platform encoding (Cp1252 actually) to copy filtered resources, i.e. build is platform dependent!
2023-07-11 12:12:01,359 [Worker-95: Building] INFO  o.e.m.c.i.embedder.EclipseLogger - Copying 0 resource
2023-07-11 12:13:15,245 [Worker-95: Creating project "Q4"] INFO  o.e.m.c.i.l.LifecycleMappingFactory - Using org.eclipse.m2e.jdt.JarLifecycleMapping lifecycle mapping for MavenProject: com:Q4:0.0.1-SNAPSHOT @ C:\Users\Gunvardhan.Meliyan\Desktop\IGTExam\Q4\pom.xml.
2023-07-11 12:13:15,489 [Worker-95: Creating project "Q4"] INFO  o.e.m.j.i.AbstractJavaProjectConfigurator - Adding source folder /Q4/src/main/java
2023-07-11 12:13:15,489 [Worker-95: Creating project "Q4"] INFO  o.e.m.j.i.AbstractJavaProjectConfigurator - Adding resource folder /Q4/src/main/resources
2023-07-11 12:13:15,490 [Worker-95: Creating project "Q4"] INFO  o.e.m.j.i.AbstractJavaProjectConfigurator - Adding source folder /Q4/src/test/java
2023-07-11 12:13:15,490 [Worker-95: Creating project "Q4"] INFO  o.e.m.j.i.AbstractJavaProjectConfigurator - Adding resource folder /Q4/src/test/resources
2023-07-11 12:13:15,744 [Worker-95: Building] WARN  o.e.m.c.i.embedder.EclipseLogger - Using platform encoding (Cp1252 actually) to copy filtered resources, i.e. build is platform dependent!
2023-07-11 12:13:15,746 [Worker-95: Building] INFO  o.e.m.c.i.embedder.EclipseLogger - Copying 0 resource
2023-07-11 12:13:15,748 [Worker-95: Building] WARN  o.e.m.c.i.embedder.EclipseLogger - Using platform encoding (Cp1252 actually) to copy filtered resources, i.e. build is platform dependent!
2023-07-11 12:13:15,750 [Worker-95: Building] INFO  o.e.m.c.i.embedder.EclipseLogger - Copying 0 resource
2023-07-11 12:13:39,825 [Worker-104: Building] WARN  o.e.m.c.i.embedder.EclipseLogger - Using platform encoding (Cp1252 actually) to copy filtered resources, i.e. build is platform dependent!
2023-07-11 12:13:39,831 [Worker-104: Building] INFO  o.e.m.c.i.embedder.EclipseLogger - Copying 0 resource
2023-07-11 12:13:39,835 [Worker-104: Building] WARN  o.e.m.c.i.embedder.EclipseLogger - Using platform encoding (Cp1252 actually) to copy filtered resources, i.e. build is platform dependent!
2023-07-11 12:13:39,837 [Worker-104: Building] INFO  o.e.m.c.i.embedder.EclipseLogger - Copying 0 resource
2023-07-11 12:14:52,996 [Worker-105: Building] INFO  o.e.m.c.i.l.LifecycleMappingFactory - Using org.eclipse.m2e.jdt.JarLifecycleMapping lifecycle mapping for MavenProject: com:Q4:0.0.1-SNAPSHOT @ C:\Users\Gunvardhan.Meliyan\Desktop\IGTExam\Q4\pom.xml.
2023-07-11 12:14:53,204 [Worker-105: Building] WARN  o.e.m.c.i.embedder.EclipseLogger - Using platform encoding (Cp1252 actually) to copy filtered resources, i.e. build is platform dependent!
2023-07-11 12:14:53,206 [Worker-105: Building] INFO  o.e.m.c.i.embedder.EclipseLogger - Copying 0 resource
2023-07-11 12:14:53,207 [Worker-105: Building] WARN  o.e.m.c.i.embedder.EclipseLogger - Using platform encoding (Cp1252 actually) to copy filtered resources, i.e. build is platform dependent!
2023-07-11 12:14:53,210 [Worker-105: Building] INFO  o.e.m.c.i.embedder.EclipseLogger - Copying 0 resource
2023-07-11 12:38:23,753 [Worker-113: Creating project "Q5"] INFO  o.e.m.c.i.l.LifecycleMappingFactory - Using org.eclipse.m2e.jdt.JarLifecycleMapping lifecycle mapping for MavenProject: com:Q5:0.0.1-SNAPSHOT @ C:\Users\Gunvardhan.Meliyan\Desktop\IGTExam\Q5\pom.xml.
2023-07-11 12:38:23,939 [Worker-113: Creating project "Q5"] INFO  o.e.m.j.i.AbstractJavaProjectConfigurator - Adding source folder /Q5/src/main/java
2023-07-11 12:38:23,939 [Worker-113: Creating project "Q5"] INFO  o.e.m.j.i.AbstractJavaProjectConfigurator - Adding resource folder /Q5/src/main/resources
2023-07-11 12:38:23,939 [Worker-113: Creating project "Q5"] INFO  o.e.m.j.i.AbstractJavaProjectConfigurator - Adding source folder /Q5/src/test/java
2023-07-11 12:38:23,940 [Worker-113: Creating project "Q5"] INFO  o.e.m.j.i.AbstractJavaProjectConfigurator - Adding resource folder /Q5/src/test/resources
2023-07-11 12:38:24,244 [Worker-116: Building] WARN  o.e.m.c.i.embedder.EclipseLogger - Using platform encoding (Cp1252 actually) to copy filtered resources, i.e. build is platform dependent!
2023-07-11 12:38:24,248 [Worker-116: Building] INFO  o.e.m.c.i.embedder.EclipseLogger - Copying 0 resource
2023-07-11 12:38:24,249 [Worker-116: Building] WARN  o.e.m.c.i.embedder.EclipseLogger - Using platform encoding (Cp1252 actually) to copy filtered resources, i.e. build is platform dependent!
2023-07-11 12:38:24,250 [Worker-116: Building] INFO  o.e.m.c.i.embedder.EclipseLogger - Copying 0 resource
2023-07-11 12:39:09,304 [Worker-113: Building] WARN  o.e.m.c.i.embedder.EclipseLogger - Using platform encoding (Cp1252 actually) to copy filtered resources, i.e. build is platform dependent!
2023-07-11 12:39:09,307 [Worker-113: Building] INFO  o.e.m.c.i.embedder.EclipseLogger - Copying 0 resource
2023-07-11 12:39:09,309 [Worker-113: Building] WARN  o.e.m.c.i.embedder.EclipseLogger - Using platform encoding (Cp1252 actually) to copy filtered resources, i.e. build is platform dependent!
2023-07-11 12:39:09,310 [Worker-113: Building] INFO  o.e.m.c.i.embedder.EclipseLogger - Copying 0 resource
2023-07-11 12:44:18,212 [Worker-119: Building] WARN  o.e.m.c.i.embedder.EclipseLogger - Using platform encoding (Cp1252 actually) to copy filtered resources, i.e. build is platform dependent!
2023-07-11 12:44:18,215 [Worker-119: Building] INFO  o.e.m.c.i.embedder.EclipseLogger - Copying 0 resource
2023-07-11 12:44:18,216 [Worker-119: Building] WARN  o.e.m.c.i.embedder.EclipseLogger - Using platform encoding (Cp1252 actually) to copy filtered resources, i.e. build is platform dependent!
2023-07-11 12:44:18,218 [Worker-119: Building] INFO  o.e.m.c.i.embedder.EclipseLogger - Copying 0 resource
2023-07-11 12:46:08,894 [Worker-116: Building] WARN  o.e.m.c.i.embedder.EclipseLogger - Using platform encoding (Cp1252 actually) to copy filtered resources, i.e. build is platform dependent!
2023-07-11 12:46:08,896 [Worker-116: Building] INFO  o.e.m.c.i.embedder.EclipseLogger - Copying 0 resource
2023-07-11 12:46:08,897 [Worker-116: Building] WARN  o.e.m.c.i.embedder.EclipseLogger - Using platform encoding (Cp1252 actually) to copy filtered resources, i.e. build is platform dependent!
2023-07-11 12:46:08,899 [Worker-116: Building] INFO  o.e.m.c.i.embedder.EclipseLogger - Copying 0 resource
2023-07-11 12:48:28,661 [Worker-119: Building] WARN  o.e.m.c.i.embedder.EclipseLogger - Using platform encoding (Cp1252 actually) to copy filtered resources, i.e. build is platform dependent!
2023-07-11 12:48:28,663 [Worker-119: Building] INFO  o.e.m.c.i.embedder.EclipseLogger - Copying 0 resource
2023-07-11 12:48:28,664 [Worker-119: Building] WARN  o.e.m.c.i.embedder.EclipseLogger - Using platform encoding (Cp1252 actually) to copy filtered resources, i.e. build is platform dependent!
2023-07-11 12:48:28,664 [Worker-119: Building] INFO  o.e.m.c.i.embedder.EclipseLogger - Copying 0 resource
2023-07-11 12:50:49,468 [Worker-120: Building] WARN  o.e.m.c.i.embedder.EclipseLogger - Using platform encoding (Cp1252 actually) to copy filtered resources, i.e. build is platform dependent!
2023-07-11 12:50:49,470 [Worker-120: Building] INFO  o.e.m.c.i.embedder.EclipseLogger - Copying 0 resource
2023-07-11 12:50:49,471 [Worker-120: Building] WARN  o.e.m.c.i.embedder.EclipseLogger - Using platform encoding (Cp1252 actually) to copy filtered resources, i.e. build is platform dependent!
2023-07-11 12:50:49,472 [Worker-120: Building] INFO  o.e.m.c.i.embedder.EclipseLogger - Copying 0 resource
2023-07-11 12:58:28,916 [Worker-122: Building] WARN  o.e.m.c.i.embedder.EclipseLogger - Using platform encoding (Cp1252 actually) to copy filtered resources, i.e. build is platform dependent!
2023-07-11 12:58:28,917 [Worker-122: Building] INFO  o.e.m.c.i.embedder.EclipseLogger - Copying 0 resource
2023-07-11 12:58:28,919 [Worker-122: Building] WARN  o.e.m.c.i.embedder.EclipseLogger - Using platform encoding (Cp1252 actually) to copy filtered resources, i.e. build is platform dependent!
2023-07-11 12:58:28,922 [Worker-122: Building] INFO  o.e.m.c.i.embedder.EclipseLogger - Copying 0 resource
2023-07-11 13:00:43,723 [Worker-125: Building] WARN  o.e.m.c.i.embedder.EclipseLogger - Using platform encoding (Cp1252 actually) to copy filtered resources, i.e. build is platform dependent!
2023-07-11 13:00:43,735 [Worker-125: Building] INFO  o.e.m.c.i.embedder.EclipseLogger - Copying 0 resource
2023-07-11 13:00:43,742 [Worker-125: Building] WARN  o.e.m.c.i.embedder.EclipseLogger - Using platform encoding (Cp1252 actually) to copy filtered resources, i.e. build is platform dependent!
2023-07-11 13:00:43,743 [Worker-125: Building] INFO  o.e.m.c.i.embedder.EclipseLogger - Copying 0 resource
2023-07-11 13:00:59,026 [Worker-124: Launching Main] WARN  o.e.m.c.i.embedder.EclipseLogger - Using platform encoding (Cp1252 actually) to copy filtered resources, i.e. build is platform dependent!
2023-07-11 13:00:59,029 [Worker-124: Launching Main] INFO  o.e.m.c.i.embedder.EclipseLogger - Copying 0 resource
2023-07-11 13:00:59,030 [Worker-124: Launching Main] WARN  o.e.m.c.i.embedder.EclipseLogger - Using platform encoding (Cp1252 actually) to copy filtered resources, i.e. build is platform dependent!
2023-07-11 13:00:59,032 [Worker-124: Launching Main] INFO  o.e.m.c.i.embedder.EclipseLogger - Copying 0 resource
2023-07-11 13:04:00,816 [Worker-125: Building] INFO  o.e.m.c.i.l.LifecycleMappingFactory - Using org.eclipse.m2e.jdt.JarLifecycleMapping lifecycle mapping for MavenProject: com:HibernameDemo1:0.0.1-SNAPSHOT @ C:\Users\Gunvardhan.Meliyan\Desktop\IGTExam\Q5\pom.xml.
2023-07-11 13:04:01,045 [Worker-125: Building] WARN  o.e.m.c.i.embedder.EclipseLogger - Using platform encoding (Cp1252 actually) to copy filtered resources, i.e. build is platform dependent!
2023-07-11 13:04:01,047 [Worker-125: Building] INFO  o.e.m.c.i.embedder.EclipseLogger - Copying 0 resource
2023-07-11 13:04:01,049 [Worker-125: Building] WARN  o.e.m.c.i.embedder.EclipseLogger - Using platform encoding (Cp1252 actually) to copy filtered resources, i.e. build is platform dependent!
2023-07-11 13:04:01,050 [Worker-125: Building] INFO  o.e.m.c.i.embedder.EclipseLogger - Copying 0 resource
2023-07-11 13:04:02,526 [Worker-129: Building] WARN  o.e.m.c.i.embedder.EclipseLogger - Using platform encoding (Cp1252 actually) to copy filtered resources, i.e. build is platform dependent!
2023-07-11 13:04:02,528 [Worker-129: Building] INFO  o.e.m.c.i.embedder.EclipseLogger - Copying 0 resource
2023-07-11 13:04:02,529 [Worker-129: Building] WARN  o.e.m.c.i.embedder.EclipseLogger - Using platform encoding (Cp1252 actually) to copy filtered resources, i.e. build is platform dependent!
2023-07-11 13:04:02,531 [Worker-129: Building] INFO  o.e.m.c.i.embedder.EclipseLogger - Copying 0 resource
2023-07-11 13:07:52,730 [Worker-128: Launching Main] WARN  o.e.m.c.i.embedder.EclipseLogger - Using platform encoding (Cp1252 actually) to copy filtered resources, i.e. build is platform dependent!
2023-07-11 13:07:52,733 [Worker-128: Launching Main] INFO  o.e.m.c.i.embedder.EclipseLogger - Copying 0 resource
2023-07-11 13:07:52,736 [Worker-128: Launching Main] WARN  o.e.m.c.i.embedder.EclipseLogger - Using platform encoding (Cp1252 actually) to copy filtered resources, i.e. build is platform dependent!
2023-07-11 13:07:52,737 [Worker-128: Launching Main] INFO  o.e.m.c.i.embedder.EclipseLogger - Copying 0 resource
